2025-10-24 21:25:41 | INFO | [EXPORT] Start export for accounts@performanceelevator.org
2025-10-24 21:25:41 | INFO | [EXPORT] Cookie account present: False
2025-10-24 21:25:42 | INFO | [EXPORT] Launching Chromium (headless)
2025-10-24 21:25:42 | INFO | [EXPORT] Storage file: sessions\office365_accounts_at_performanceelevator_org.json (exists=True)
2025-10-24 21:25:42 | INFO | [EXPORT] Using storage_state session
2025-10-24 21:25:42 | INFO | [EXPORT] Navigate: https://outlook.office.com/mail/
2025-10-24 21:25:46 | INFO | [EXPORT] Navigate: https://outlook.office.com/mail/options/general/export
2025-10-24 21:25:47 | INFO | [EXPORT] Locating download control
2025-10-24 21:25:47 | INFO | [EXPORT] Try selector (main): text=Download my expanded people data
2025-10-24 21:25:52 | INFO | [EXPORT] Try selector (main): button:has-text('Download my expanded people data')
2025-10-24 21:25:57 | INFO | [EXPORT] Try selector (main): a:has-text('Download my expanded people data')
2025-10-24 21:26:02 | INFO | [EXPORT] Try selector (main): text=Download expanded people data
2025-10-24 21:26:07 | INFO | [EXPORT] Try selector (main): text=Download my people data
2025-10-24 21:26:12 | INFO | [EXPORT] Frames found: 1
2025-10-24 21:26:12 | INFO | [EXPORT] Checking frame url=https://outlook.office.com/mail/options/general/export
2025-10-24 21:26:12 | INFO | [EXPORT] Try selector (frame): text=Download my expanded people data
2025-10-24 21:26:14 | INFO | [EXPORT] Download event captured (frame)
2025-10-24 21:26:14 | INFO | [EXPORT] Try selector (frame): button:has-text('Download my expanded people data')
2025-10-24 21:26:15 | INFO | [EXPORT] Download event captured (frame)
2025-10-24 21:26:15 | INFO | [EXPORT] Try selector (frame): a:has-text('Download my expanded people data')
2025-10-24 21:26:20 | INFO | [EXPORT] Try selector (frame): text=Download expanded people data
2025-10-24 21:26:25 | INFO | [EXPORT] Try selector (frame): text=Download my people data
2025-10-24 21:26:30 | INFO | [EXPORT] Success. Bytes=834 File=export_from_accounts@performanceelevator.org.txt
2025-10-24 21:35:55 | INFO | [EXPORT] Start export for accounts@performanceelevator.org
2025-10-24 21:35:55 | INFO | [EXPORT] Cookie account present: False
2025-10-24 21:35:55 | INFO | [EXPORT] Launching Chromium (headless)
2025-10-24 21:35:55 | INFO | [EXPORT] Storage file: sessions\office365_accounts_at_performanceelevator_org.json (exists=True)
2025-10-24 21:35:55 | INFO | [EXPORT] Using storage_state session
2025-10-24 21:35:55 | INFO | [EXPORT] Navigate: https://outlook.office.com/mail/
2025-10-24 21:35:59 | INFO | [EXPORT] Navigate: https://outlook.office.com/mail/options/general/export
2025-10-24 21:36:00 | INFO | [EXPORT] Locating download control
2025-10-24 21:36:00 | INFO | [EXPORT] Try selector (main): text=Download my expanded people data
2025-10-24 21:36:05 | INFO | [EXPORT] Try selector (main): button:has-text('Download my expanded people data')
2025-10-24 21:36:10 | INFO | [EXPORT] Try selector (main): a:has-text('Download my expanded people data')
2025-10-24 21:36:15 | INFO | [EXPORT] Try selector (main): text=Download expanded people data
2025-10-24 21:36:20 | INFO | [EXPORT] Try selector (main): text=Download my people data
2025-10-24 21:36:25 | INFO | [EXPORT] Frames found: 1
2025-10-24 21:36:25 | INFO | [EXPORT] Checking frame url=https://outlook.office.com/mail/options/general/export
2025-10-24 21:36:25 | INFO | [EXPORT] Try selector (frame): text=Download my expanded people data
2025-10-24 21:36:27 | INFO | [EXPORT] Download event captured (frame)
2025-10-24 21:36:27 | INFO | [EXPORT] Try selector (frame): button:has-text('Download my expanded people data')
2025-10-24 21:36:28 | INFO | [EXPORT] Download event captured (frame)
2025-10-24 21:36:28 | INFO | [EXPORT] Try selector (frame): a:has-text('Download my expanded people data')
2025-10-24 21:36:33 | INFO | [EXPORT] Try selector (frame): text=Download expanded people data
2025-10-24 21:36:38 | INFO | [EXPORT] Try selector (frame): text=Download my people data
2025-10-24 21:36:43 | INFO | [EXPORT] Success. Bytes=834 File=export_from_accounts@performanceelevator.org.txt
2025-10-24 22:20:04 | INFO | [PROCESSED_EXPORT] Start processed export for accounts@performanceelevator.org
2025-10-24 22:20:05 | INFO | [PROCESSED_EXPORT] Cookie account present: False
2025-10-24 22:20:05 | INFO | [PROCESSED_EXPORT] Launching Chromium (headless)
2025-10-24 22:20:05 | INFO | [PROCESSED_EXPORT] Storage file: sessions\office365_accounts_at_performanceelevator_org.json (exists=True)
2025-10-24 22:20:05 | INFO | [PROCESSED_EXPORT] Using storage_state session
2025-10-24 22:20:05 | INFO | [PROCESSED_EXPORT] Navigate: https://outlook.office.com/mail/
2025-10-24 22:20:09 | INFO | [PROCESSED_EXPORT] Navigate: https://outlook.office.com/mail/options/general/export
2025-10-24 22:20:10 | INFO | [PROCESSED_EXPORT] Locating download control
2025-10-24 22:20:37 | INFO | [PROCESSED_EXPORT] Download event captured (frame)
2025-10-24 22:20:37 | INFO | [PROCESSED_EXPORT] Processing downloaded contacts
2025-10-24 22:20:37 | INFO | Processing export file for account: accounts@performanceelevator.org
2025-10-24 22:20:48 | INFO | Extracted 20 valid emails from text
2025-10-24 22:20:48 | INFO | Categorized emails - Office365: 4, GSuite: 0, Others: 16
2025-10-24 22:20:48 | INFO | Processing office365 emails: 4
2025-10-24 22:20:48 | WARNING | Debounce.io API key not provided, skipping validation
2025-10-24 22:20:48 | INFO | Generated office365 file: accounts_at_performanceelevator_org-office365.txt with 4 emails
2025-10-24 22:20:48 | INFO | Processing others emails: 16
2025-10-24 22:20:48 | WARNING | Debounce.io API key not provided, skipping validation
2025-10-24 22:20:48 | INFO | Generated others file: accounts_at_performanceelevator_org-others.txt with 16 emails
2025-10-24 22:20:49 | INFO | [PROCESSED_EXPORT] Added accounts_at_performanceelevator_org-office365.txt to ZIP (4 emails)
2025-10-24 22:20:49 | INFO | [PROCESSED_EXPORT] Added accounts_at_performanceelevator_org-others.txt to ZIP (16 emails)
2025-10-24 22:20:49 | INFO | [PROCESSED_EXPORT] Success. ZIP file: accounts_at_performanceelevator_org-processed-contacts.zip
2025-10-24 23:26:27 | INFO | === TEST EMAIL SEND STARTED ===
2025-10-24 23:26:27 | INFO | Test email request data: {'test_email': 'crystoffharris@gmail.com', 'subject': 'Proxy[rand]123', 'body': '<h1>hello bro@123</h1>', 'selected_accounts': ['accounts@performanceelevator.org'], 'attachments': []}
2025-10-24 23:26:27 | INFO | Using sender account for test: accounts@performanceelevator.org
2025-10-24 23:26:28 | INFO | HTML content sanitized successfully
2025-10-24 23:26:28 | INFO | HTML validation completed: 1 allowed tags, 0 disallowed tags
2025-10-24 23:26:28 | INFO | Email HTML validation completed successfully
2025-10-24 23:26:28 | INFO | HTML content sanitized successfully
2025-10-24 23:26:28 | INFO | HTML validation completed: 1 allowed tags, 0 disallowed tags
2025-10-24 23:26:28 | INFO | 🚀 FAST SEND: accounts@performanceelevator.org → ['accounts@performanceelevator.org'] | BCC: 1 recipients | Proxy43810123
2025-10-24 23:26:28 | INFO | 🔧 Loading session from: sessions\office365_accounts_at_performanceelevator_org.json
2025-10-24 23:26:29 | INFO | 🌐 Navigating to: https://outlook.office.com/mail/
2025-10-24 23:26:29 | INFO | ⏱️ Using adaptive timeout: 30000ms for proxy: none
2025-10-24 23:26:59 | ERROR | ❌ Send failed with unexpected error: Page.goto: Timeout 30000ms exceeded.
Call log:
  - navigating to "https://outlook.office.com/mail/", waiting until "domcontentloaded"

2025-10-24 23:26:59 | ERROR | Unexpected error sending email: Unexpected error: Office365 automation send failed (no valid cookies)
2025-10-24 23:26:59 | INFO | Failed, waiting 1.0 seconds before retry 1
2025-10-24 23:27:00 | INFO | 🚀 FAST SEND: accounts@performanceelevator.org → ['accounts@performanceelevator.org'] | BCC: 1 recipients | Proxy43810123
2025-10-24 23:27:01 | INFO | 🔧 Loading session from: sessions\office365_accounts_at_performanceelevator_org.json
2025-10-24 23:27:01 | INFO | 🌐 Navigating to: https://outlook.office.com/mail/
2025-10-24 23:27:01 | INFO | ⏱️ Using adaptive timeout: 30000ms for proxy: none
2025-10-24 23:27:31 | ERROR | ❌ Send failed with unexpected error: Page.goto: Timeout 30000ms exceeded.
Call log:
  - navigating to "https://outlook.office.com/mail/", waiting until "domcontentloaded"

2025-10-24 23:27:31 | ERROR | Unexpected error sending email: Unexpected error: Office365 automation send failed (no valid cookies)
2025-10-24 23:27:31 | INFO | Failed, waiting 2.0 seconds before retry 2
2025-10-24 23:27:33 | INFO | 🚀 FAST SEND: accounts@performanceelevator.org → ['accounts@performanceelevator.org'] | BCC: 1 recipients | Proxy43810123
2025-10-24 23:27:34 | INFO | 🔧 Loading session from: sessions\office365_accounts_at_performanceelevator_org.json
2025-10-24 23:27:34 | INFO | 🌐 Navigating to: https://outlook.office.com/mail/
2025-10-24 23:27:34 | INFO | ⏱️ Using adaptive timeout: 30000ms for proxy: none
2025-10-24 23:27:40 | ERROR | ❌ Proxy connection failed: Page.goto: net::ERR_CONNECTION_CLOSED at https://outlook.office.com/mail/
Call log:
  - navigating to "https://outlook.office.com/mail/", waiting until "domcontentloaded"

2025-10-24 23:27:40 | WARNING | 🔄 This appears to be a proxy server issue, not a code problem
2025-10-24 23:27:40 | INFO | 💡 Attempting automatic fallback to direct connection...
2025-10-24 23:27:40 | INFO | 🔄 Retrying without proxy...
2025-10-24 23:27:40 | INFO | 🌐 Launched browser without proxy
2025-10-24 23:28:11 | ERROR | ❌ Fallback to direct connection also failed: Page.goto: Timeout 30000ms exceeded.
Call log:
  - navigating to "https://outlook.office.com/mail/", waiting until "domcontentloaded"

2025-10-24 23:28:11 | ERROR | ❌ Send failed with unexpected error: Both proxy and direct connection failed. Proxy error: Page.goto: net::ERR_CONNECTION_CLOSED at https://outlook.office.com/mail/
Call log:
  - navigating to "https://outlook.office.com/mail/", waiting until "domcontentloaded"
, Direct error: Page.goto: Timeout 30000ms exceeded.
Call log:
  - navigating to "https://outlook.office.com/mail/", waiting until "domcontentloaded"

2025-10-24 23:28:11 | ERROR | Unexpected error sending email: Unexpected error: Office365 automation send failed (no valid cookies)
2025-10-24 23:28:11 | INFO | Failed, waiting 4.0 seconds before retry 3
2025-10-24 23:28:15 | INFO | 🚀 FAST SEND: accounts@performanceelevator.org → ['accounts@performanceelevator.org'] | BCC: 1 recipients | Proxy43810123
2025-10-24 23:28:16 | INFO | 🔧 Loading session from: sessions\office365_accounts_at_performanceelevator_org.json
2025-10-24 23:28:16 | INFO | 🌐 Navigating to: https://outlook.office.com/mail/
2025-10-24 23:28:16 | INFO | ⏱️ Using adaptive timeout: 30000ms for proxy: none
2025-10-24 23:28:46 | ERROR | ❌ Send failed with unexpected error: Page.goto: Timeout 30000ms exceeded.
Call log:
  - navigating to "https://outlook.office.com/mail/", waiting until "domcontentloaded"

2025-10-24 23:28:46 | ERROR | Unexpected error sending email: Unexpected error: Office365 automation send failed (no valid cookies)
2025-10-24 23:28:46 | INFO | Failed, waiting 8.0 seconds before retry 4
2025-10-24 23:28:54 | INFO | 🚀 FAST SEND: accounts@performanceelevator.org → ['accounts@performanceelevator.org'] | BCC: 1 recipients | Proxy43810123
2025-10-24 23:28:55 | INFO | 🔧 Loading session from: sessions\office365_accounts_at_performanceelevator_org.json
2025-10-24 23:28:55 | INFO | 🌐 Navigating to: https://outlook.office.com/mail/
2025-10-24 23:28:55 | INFO | ⏱️ Using adaptive timeout: 30000ms for proxy: none
2025-10-24 23:29:25 | ERROR | ❌ Send failed with unexpected error: Page.goto: Timeout 30000ms exceeded.
Call log:
  - navigating to "https://outlook.office.com/mail/", waiting until "domcontentloaded"

2025-10-24 23:29:25 | ERROR | Unexpected error sending email: Unexpected error: Office365 automation send failed (no valid cookies)
2025-10-24 23:29:25 | ERROR | Test email failed to crystoffharris@gmail.com
2025-10-24 23:30:07 | INFO | === TEST EMAIL SEND STARTED ===
2025-10-24 23:30:07 | INFO | Test email request data: {'test_email': 'crystoffharris@gmail.com', 'subject': 'Proxy[rand]123', 'body': '<h1>hello bro@123</h1>', 'selected_accounts': ['accounts@performanceelevator.org'], 'attachments': []}
2025-10-24 23:30:07 | INFO | Using sender account for test: accounts@performanceelevator.org
2025-10-24 23:30:07 | INFO | HTML content sanitized successfully
2025-10-24 23:30:07 | INFO | HTML validation completed: 1 allowed tags, 0 disallowed tags
2025-10-24 23:30:07 | INFO | Email HTML validation completed successfully
2025-10-24 23:30:07 | INFO | HTML content sanitized successfully
2025-10-24 23:30:07 | INFO | HTML validation completed: 1 allowed tags, 0 disallowed tags
2025-10-24 23:30:07 | INFO | 🚀 FAST SEND: accounts@performanceelevator.org → ['accounts@performanceelevator.org'] | BCC: 1 recipients | Proxy40167123
2025-10-24 23:30:08 | INFO | 🔧 Loading session from: sessions\office365_accounts_at_performanceelevator_org.json
2025-10-24 23:30:08 | INFO | 🌐 Navigating to: https://outlook.office.com/mail/
2025-10-24 23:30:08 | INFO | ⏱️ Using adaptive timeout: 30000ms for proxy: none
2025-10-24 23:30:39 | ERROR | ❌ Send failed with unexpected error: Page.goto: Timeout 30000ms exceeded.
Call log:
  - navigating to "https://outlook.office.com/mail/", waiting until "domcontentloaded"

2025-10-24 23:30:39 | ERROR | Unexpected error sending email: Unexpected error: Office365 automation send failed (no valid cookies)
2025-10-24 23:30:39 | INFO | Failed, waiting 1.0 seconds before retry 1
2025-10-24 23:30:40 | INFO | 🚀 FAST SEND: accounts@performanceelevator.org → ['accounts@performanceelevator.org'] | BCC: 1 recipients | Proxy40167123
2025-10-24 23:30:41 | INFO | 🔧 Loading session from: sessions\office365_accounts_at_performanceelevator_org.json
2025-10-24 23:30:41 | INFO | 🌐 Navigating to: https://outlook.office.com/mail/
2025-10-24 23:30:41 | INFO | ⏱️ Using adaptive timeout: 30000ms for proxy: none
